<?xml version="1.0" encoding="UTF-8"?>
<!-- Generated by org.testng.reporters.JUnitReportReporter -->
<testsuite hostname="DT-GANGWARA" name="MavenSeleniumSample.demoforMaven" tests="1" failures="0" timestamp="18 Jun 2018 09:55:10 GMT" time="0.007" errors="0">
  <testcase name="testHello" time="0.007" classname="MavenSeleniumSample.demoforMaven"/>
</testsuite> <!-- MavenSeleniumSample.demoforMaven -->
